{"uuid":"66745829-d53e-4603-9698-6e9b043fdbce","historyId":"e28ab87205494ec3b2e8f11a2b64bad1","fullName":"Exploring Baby & Mom Care Page: Verify Baby & Mom Care page Explored by using Baby & Mom Care  Button","labels":[{"name":"host","value":"DESKTOP-O2UT8N5"},{"name":"thread","value":"17016@DESKTOP-O2UT8N5.main(1)"},{"name":"feature","value":"Exploring Baby & Mom Care Page"},{"name":"story","value":"Verify Baby & Mom Care page Explored by using Baby & Mom Care  Button"},{"name":"suite","value":"Exploring Baby & Mom Care Page"},{"name":"testClass","value":"Verify Baby & Mom Care page Explored by using Baby & Mom Care  Button"},{"name":"framework","value":"cucumber4jvm"},{"name":"language","value":"java"},{"name":"gherkin_uri","value":"file:///C:/Users/IT%20BD/Cucumber_Parellall_Aroggo_Web/src/test/java/features/Baby&MomCare.feature"},{"name":"package","value":"src.test.java.features.Baby&MomCare_feature.Exploring Baby & Mom Care Page"}],"links":[],"name":"Verify Baby & Mom Care page Explored by using Baby & Mom Care  Button","status":"broken","statusDetails":{"known":false,"muted":false,"flaky":false,"message":"no such element: Unable to locate element: {\"method\":\"xpath\",\"selector\":\"//*[@id=\"__next\"]/main/div/div[1]/div/ul/li[5]/a\"}\n  (Session info: chrome=104.0.5112.102)\nFor documentation on this error, please visit: https://selenium.dev/exceptions/#no_such_element\nBuild info: version: '4.1.3', revision: '7b1ebf28ef'\nSystem info: host: 'DESKTOP-O2UT8N5', ip: '192.168.1.100', os.name: 'Windows 10', os.arch: 'amd64', os.version: '10.0', java.version: '18.0.2'\nDriver info: org.openqa.selenium.chrome.ChromeDriver\nCommand: [4f69c70bf91939653f720e690c383c45, findElement {using=xpath, value=//*[@id=\"__next\"]/main/div/div[1]/div/ul/li[5]/a}]\nCapabilities {acceptInsecureCerts: false, browserName: chrome, browserVersion: 104.0.5112.102, chrome: {chromedriverVersion: 104.0.5112.79 (3cf3e8c8a07d..., userDataDir: C:\\Users\\ITBD~1\\AppData\\Loc...}, goog:chromeOptions: {debuggerAddress: localhost:54824}, javascriptEnabled: true, networkConnectionEnabled: false, pageLoadStrategy: normal, platform: WINDOWS, platformName: WINDOWS, proxy: Proxy(), se:cdp: ws://localhost:54824/devtoo..., se:cdpVersion: 104.0.5112.102, setWindowRect: true, strictFileInteractability: false, timeouts: {implicit: 0, pageLoad: 300000, script: 30000}, unhandledPromptBehavior: dismiss and notify, webauthn:extension:credBlob: true, webauthn:extension:largeBlob: true, webauthn:virtualAuthenticators: true}\nSession ID: 4f69c70bf91939653f720e690c383c45","trace":"org.openqa.selenium.NoSuchElementException: no such element: Unable to locate element: {\"method\":\"xpath\",\"selector\":\"//*[@id=\"__next\"]/main/div/div[1]/div/ul/li[5]/a\"}\n  (Session info: chrome=104.0.5112.102)\nFor documentation on this error, please visit: https://selenium.dev/exceptions/#no_such_element\nBuild info: version: '4.1.3', revision: '7b1ebf28ef'\nSystem info: host: 'DESKTOP-O2UT8N5', ip: '192.168.1.100', os.name: 'Windows 10', os.arch: 'amd64', os.version: '10.0', java.version: '18.0.2'\nDriver info: org.openqa.selenium.chrome.ChromeDriver\nCommand: [4f69c70bf91939653f720e690c383c45, findElement {using=xpath, value=//*[@id=\"__next\"]/main/div/div[1]/div/ul/li[5]/a}]\nCapabilities {acceptInsecureCerts: false, browserName: chrome, browserVersion: 104.0.5112.102, chrome: {chromedriverVersion: 104.0.5112.79 (3cf3e8c8a07d..., userDataDir: C:\\Users\\ITBD~1\\AppData\\Loc...}, goog:chromeOptions: {debuggerAddress: localhost:54824}, javascriptEnabled: true, networkConnectionEnabled: false, pageLoadStrategy: normal, platform: WINDOWS, platformName: WINDOWS, proxy: Proxy(), se:cdp: ws://localhost:54824/devtoo..., se:cdpVersion: 104.0.5112.102, setWindowRect: true, strictFileInteractability: false, timeouts: {implicit: 0, pageLoad: 300000, script: 30000}, unhandledPromptBehavior: dismiss and notify, webauthn:extension:credBlob: true, webauthn:extension:largeBlob: true, webauthn:virtualAuthenticators: true}\nSession ID: 4f69c70bf91939653f720e690c383c45\r\n\tat java.base/jdk.internal.reflect.DirectConstructorHandleAccessor.newInstance(DirectConstructorHandleAccessor.java:67)\r\n\tat java.base/java.lang.reflect.Constructor.newInstanceWithCaller(Constructor.java:499)\r\n\tat java.base/java.lang.reflect.Constructor.newInstance(Constructor.java:483)\r\n\tat org.openqa.selenium.remote.codec.w3c.W3CHttpResponseCodec.createException(W3CHttpResponseCodec.java:200)\r\n\tat org.openqa.selenium.remote.codec.w3c.W3CHttpResponseCodec.decode(W3CHttpResponseCodec.java:133)\r\n\tat org.openqa.selenium.remote.codec.w3c.W3CHttpResponseCodec.decode(W3CHttpResponseCodec.java:53)\r\n\tat org.openqa.selenium.remote.HttpCommandExecutor.execute(HttpCommandExecutor.java:184)\r\n\tat org.openqa.selenium.remote.service.DriverCommandExecutor.invokeExecute(DriverCommandExecutor.java:167)\r\n\tat org.openqa.selenium.remote.service.DriverCommandExecutor.execute(DriverCommandExecutor.java:142)\r\n\tat org.openqa.selenium.remote.RemoteWebDriver.execute(RemoteWebDriver.java:567)\r\n\tat org.openqa.selenium.remote.ElementLocation$ElementFinder$2.findElement(ElementLocation.java:162)\r\n\tat org.openqa.selenium.remote.ElementLocation.findElement(ElementLocation.java:60)\r\n\tat org.openqa.selenium.remote.RemoteWebDriver.findElement(RemoteWebDriver.java:385)\r\n\tat org.openqa.selenium.remote.RemoteWebDriver.findElement(RemoteWebDriver.java:377)\r\n\tat pages.BabyAndMomCare.BabyAndMomCareItems(BabyAndMomCare.java:16)\r\n\tat stepDefination.BabyAndMomCareStep.user_clicked_on_baby_mom_care_button(BabyAndMomCareStep.java:22)\r\n\tat ✽.User clicked on Baby & Mom Care  Button(file:///C:/Users/IT%20BD/Cucumber_Parellall_Aroggo_Web/src/test/java/features/Baby&MomCare.feature:6)\r\n"},"stage":"finished","steps":[{"name":"Given  User on Homepage","status":"passed","statusDetails":{"known":false,"muted":false,"flaky":false},"stage":"finished","steps":[],"attachments":[],"parameters":[],"start":1662358594090,"stop":1662358596145},{"name":"When  User clicked on Baby & Mom Care  Button","status":"broken","statusDetails":{"known":false,"muted":false,"flaky":false,"message":"no such element: Unable to locate element: {\"method\":\"xpath\",\"selector\":\"//*[@id=\"__next\"]/main/div/div[1]/div/ul/li[5]/a\"}\n  (Session info: chrome=104.0.5112.102)\nFor documentation on this error, please visit: https://selenium.dev/exceptions/#no_such_element\nBuild info: version: '4.1.3', revision: '7b1ebf28ef'\nSystem info: host: 'DESKTOP-O2UT8N5', ip: '192.168.1.100', os.name: 'Windows 10', os.arch: 'amd64', os.version: '10.0', java.version: '18.0.2'\nDriver info: org.openqa.selenium.chrome.ChromeDriver\nCommand: [4f69c70bf91939653f720e690c383c45, findElement {using=xpath, value=//*[@id=\"__next\"]/main/div/div[1]/div/ul/li[5]/a}]\nCapabilities {acceptInsecureCerts: false, browserName: chrome, browserVersion: 104.0.5112.102, chrome: {chromedriverVersion: 104.0.5112.79 (3cf3e8c8a07d..., userDataDir: C:\\Users\\ITBD~1\\AppData\\Loc...}, goog:chromeOptions: {debuggerAddress: localhost:54824}, javascriptEnabled: true, networkConnectionEnabled: false, pageLoadStrategy: normal, platform: WINDOWS, platformName: WINDOWS, proxy: Proxy(), se:cdp: ws://localhost:54824/devtoo..., se:cdpVersion: 104.0.5112.102, setWindowRect: true, strictFileInteractability: false, timeouts: {implicit: 0, pageLoad: 300000, script: 30000}, unhandledPromptBehavior: dismiss and notify, webauthn:extension:credBlob: true, webauthn:extension:largeBlob: true, webauthn:virtualAuthenticators: true}\nSession ID: 4f69c70bf91939653f720e690c383c45","trace":"org.openqa.selenium.NoSuchElementException: no such element: Unable to locate element: {\"method\":\"xpath\",\"selector\":\"//*[@id=\"__next\"]/main/div/div[1]/div/ul/li[5]/a\"}\n  (Session info: chrome=104.0.5112.102)\nFor documentation on this error, please visit: https://selenium.dev/exceptions/#no_such_element\nBuild info: version: '4.1.3', revision: '7b1ebf28ef'\nSystem info: host: 'DESKTOP-O2UT8N5', ip: '192.168.1.100', os.name: 'Windows 10', os.arch: 'amd64', os.version: '10.0', java.version: '18.0.2'\nDriver info: org.openqa.selenium.chrome.ChromeDriver\nCommand: [4f69c70bf91939653f720e690c383c45, findElement {using=xpath, value=//*[@id=\"__next\"]/main/div/div[1]/div/ul/li[5]/a}]\nCapabilities {acceptInsecureCerts: false, browserName: chrome, browserVersion: 104.0.5112.102, chrome: {chromedriverVersion: 104.0.5112.79 (3cf3e8c8a07d..., userDataDir: C:\\Users\\ITBD~1\\AppData\\Loc...}, goog:chromeOptions: {debuggerAddress: localhost:54824}, javascriptEnabled: true, networkConnectionEnabled: false, pageLoadStrategy: normal, platform: WINDOWS, platformName: WINDOWS, proxy: Proxy(), se:cdp: ws://localhost:54824/devtoo..., se:cdpVersion: 104.0.5112.102, setWindowRect: true, strictFileInteractability: false, timeouts: {implicit: 0, pageLoad: 300000, script: 30000}, unhandledPromptBehavior: dismiss and notify, webauthn:extension:credBlob: true, webauthn:extension:largeBlob: true, webauthn:virtualAuthenticators: true}\nSession ID: 4f69c70bf91939653f720e690c383c45\r\n\tat java.base/jdk.internal.reflect.DirectConstructorHandleAccessor.newInstance(DirectConstructorHandleAccessor.java:67)\r\n\tat java.base/java.lang.reflect.Constructor.newInstanceWithCaller(Constructor.java:499)\r\n\tat java.base/java.lang.reflect.Constructor.newInstance(Constructor.java:483)\r\n\tat org.openqa.selenium.remote.codec.w3c.W3CHttpResponseCodec.createException(W3CHttpResponseCodec.java:200)\r\n\tat org.openqa.selenium.remote.codec.w3c.W3CHttpResponseCodec.decode(W3CHttpResponseCodec.java:133)\r\n\tat org.openqa.selenium.remote.codec.w3c.W3CHttpResponseCodec.decode(W3CHttpResponseCodec.java:53)\r\n\tat org.openqa.selenium.remote.HttpCommandExecutor.execute(HttpCommandExecutor.java:184)\r\n\tat org.openqa.selenium.remote.service.DriverCommandExecutor.invokeExecute(DriverCommandExecutor.java:167)\r\n\tat org.openqa.selenium.remote.service.DriverCommandExecutor.execute(DriverCommandExecutor.java:142)\r\n\tat org.openqa.selenium.remote.RemoteWebDriver.execute(RemoteWebDriver.java:567)\r\n\tat org.openqa.selenium.remote.ElementLocation$ElementFinder$2.findElement(ElementLocation.java:162)\r\n\tat org.openqa.selenium.remote.ElementLocation.findElement(ElementLocation.java:60)\r\n\tat org.openqa.selenium.remote.RemoteWebDriver.findElement(RemoteWebDriver.java:385)\r\n\tat org.openqa.selenium.remote.RemoteWebDriver.findElement(RemoteWebDriver.java:377)\r\n\tat pages.BabyAndMomCare.BabyAndMomCareItems(BabyAndMomCare.java:16)\r\n\tat stepDefination.BabyAndMomCareStep.user_clicked_on_baby_mom_care_button(BabyAndMomCareStep.java:22)\r\n\tat ✽.User clicked on Baby & Mom Care  Button(file:///C:/Users/IT%20BD/Cucumber_Parellall_Aroggo_Web/src/test/java/features/Baby&MomCare.feature:6)\r\n"},"stage":"finished","steps":[],"attachments":[],"parameters":[],"start":1662358596146,"stop":1662358596205},{"name":"Given  Verify Herbal and Baby & Mom Care  Displays on Top of the page","status":"skipped","statusDetails":{"known":false,"muted":false,"flaky":false},"stage":"finished","steps":[],"attachments":[],"parameters":[],"start":1662358596209,"stop":1662358596210}],"attachments":[],"parameters":[],"start":1662358594089,"stop":1662358596213}